Removed Pin From Net: NetName=GND Pin=R8-1
Removed Pin From Net: NetName=GND Pin=R8-2
Removed Pin From Net: NetName=GND Pin=R8-3
Removed Pin From Net: NetName=GND Pin=R8-4
Removed Pin From Net: NetName=IN1 Pin=R8-5
Removed Pin From Net: NetName=IN2 Pin=R8-6
Removed Pin From Net: NetName=IN3 Pin=R8-7
Removed Pin From Net: NetName=IN4 Pin=R8-8
Removed Pin From Net: NetName=GND Pin=USB1-0
Removed Pin From Net: NetName=GND Pin=USB1-0
Removed Pin From Net: NetName=GND Pin=USB1-0
Removed Pin From Net: NetName=GND Pin=USB1-0
Removed Pin From Net: NetName=CV0 Pin=传感器-1
Removed Pin From Net: NetName=CV1 Pin=传感器-2
Removed Pin From Net: NetName=CV2 Pin=传感器-3
Removed Pin From Net: NetName=CV3 Pin=传感器-4
Removed Pin From Net: NetName=CV4 Pin=传感器-5
Removed Pin From Net: NetName=CV5 Pin=传感器-6
Removed Pin From Net: NetName=CV6 Pin=传感器-7
Removed Pin From Net: NetName=CV7 Pin=传感器-8
Removed Pin From Net: NetName=CV8 Pin=传感器-9
Removed Pin From Net: NetName=CV9 Pin=传感器-10
Removed Pin From Net: NetName=CV10 Pin=传感器-11
Removed Pin From Net: NetName=CV11 Pin=传感器-12
Removed Pin From Net: NetName=IN1 Pin=传感器-13
Removed Pin From Net: NetName=IN2 Pin=传感器-14
Removed Pin From Net: NetName=IN3 Pin=传感器-15
Removed Pin From Net: NetName=IN4 Pin=传感器-16
Removed Member From Class: ClassName=足底压力 Member=R8
Change component parameters: Designator = "R15"; Footprint = "RES_0402"; UniqueID = "\KJGDQJDB"
Change component parameters. Clean all parameters for all variants
Change component parameters (AddParameter): Name = "Value"; Value = "22R"; VariantName = "[No Variations]"
Change component parameters: Designator = "IC1"; Footprint = "SOP24_N"; UniqueID = "\JGQNQSWJ"
Change component parameters. Clean all parameters for all variants
Change component parameters (AddParameter): Name = "BOM名称"; Value = "4线转16线译码器"; VariantName = "[No Variations]"
Change component parameters (AddParameter): Name = "学习资源"; Value = "www.ooocke.com"; VariantName = "[No Variations]"
Change component parameters (AddParameter): Name = "版权归属"; Value = "源创客"; VariantName = "[No Variations]"
Change component parameters: Designator = "IC2"; Footprint = "SOP8_L"; UniqueID = "\OBUTNVQQ"
Change component parameters. Clean all parameters for all variants
Change component parameters (AddParameter): Name = "BOM名称"; Value = "CAN总线收发芯片"; VariantName = "[No Variations]"
Change component parameters (AddParameter): Name = "学习资源"; Value = "https://shop463601444.taobao.com"; VariantName = "[No Variations]"
Change component parameters (AddParameter): Name = "版权归属"; Value = "封装库来自淘宝 ID：黄晶宝石"; VariantName = "[No Variations]"
Change component parameters: Designator = "M1"; Footprint = "HC-05"; UniqueID = "\CTYRTKWL"
Change component parameters. Clean all parameters for all variants
Change component parameters (AddParameter): Name = "BOM名称"; Value = "串口蓝牙模块"; VariantName = "[No Variations]"
Change component parameters (AddParameter): Name = "学习资源"; Value = "www.ooocke.com"; VariantName = "[No Variations]"
Change component parameters (AddParameter): Name = "版权归属"; Value = "源创客"; VariantName = "[No Variations]"
Change component parameters: Designator = "U1"; Footprint = "LQFP48 7X7_L"; UniqueID = "\PNXONMKP"
Change component parameters. Clean all parameters for all variants
Change component parameters (AddParameter): Name = "BOM名称"; Value = "32位STM单片机"; VariantName = "[No Variations]"
Change component parameters (AddParameter): Name = "学习资源"; Value = "www.ooocke.com"; VariantName = "[No Variations]"
Change component parameters (AddParameter): Name = "版权归属"; Value = "源创客"; VariantName = "[No Variations]"
Change component parameters: Designator = "U2"; Footprint = "QFN24 4x4_L"; UniqueID = "\HOQTBFLG"
Change component parameters. Clean all parameters for all variants
Change component parameters (AddParameter): Name = "BOM名称"; Value = "数字运动传感器"; VariantName = "[No Variations]"
Change component parameters (AddParameter): Name = "学习资源"; Value = "www.ooocke.com"; VariantName = "[No Variations]"
Change component parameters (AddParameter): Name = "版权归属"; Value = "源创客"; VariantName = "[No Variations]"
Change component parameters: Designator = "传感器"; Footprint = "XH2.54-WI-16P"; UniqueID = "\EVTMYPDM"
Change component parameters. Clean all parameters for all variants
Change component parameters (AddParameter): Name = "BOM名称"; Value = "16P接插件"; VariantName = "[No Variations]"
Change component parameters (AddParameter): Name = "学习资源"; Value = "https://shop463601444.taobao.com"; VariantName = "[No Variations]"
Change component parameters (AddParameter): Name = "版权归属"; Value = "封装库来自淘宝卖家 ID：黄晶宝石"; VariantName = "[No Variations]"
Change component parameters: Designator = "R1"; Footprint = "RCA-8P4R-0603"; UniqueID = "\JYPHMGOA"
Change component parameters. Clean all parameters for all variants
Change component parameters (AddParameter): Name = "BOM名称"; Value = "贴片网络排阻"; VariantName = "[No Variations]"
Change component parameters (AddParameter): Name = "版权归属"; Value = "封装库来自淘宝 ID：黄晶宝石"; VariantName = "[No Variations]"
Change component parameters (AddParameter): Name = "联系售后"; Value = "https://shop463601444.taobao.com"; VariantName = "[No Variations]"
Change component parameters: Designator = "R6"; Footprint = "RCA-8P4R-0603"; UniqueID = "\XGQUNBDS"
Change component parameters. Clean all parameters for all variants
Change component parameters (AddParameter): Name = "BOM名称"; Value = "贴片网络排阻"; VariantName = "[No Variations]"
Change component parameters (AddParameter): Name = "版权归属"; Value = "封装库来自淘宝 ID：黄晶宝石"; VariantName = "[No Variations]"
Change component parameters (AddParameter): Name = "联系售后"; Value = "https://shop463601444.taobao.com"; VariantName = "[No Variations]"
Change component parameters: Designator = "R7"; Footprint = "RCA-8P4R-0603"; UniqueID = "\TEGGGWPQ"
Change component parameters. Clean all parameters for all variants
Change component parameters (AddParameter): Name = "BOM名称"; Value = "贴片网络排阻"; VariantName = "[No Variations]"
Change component parameters (AddParameter): Name = "版权归属"; Value = "封装库来自淘宝 ID：黄晶宝石"; VariantName = "[No Variations]"
Change component parameters (AddParameter): Name = "联系售后"; Value = "https://shop463601444.taobao.com"; VariantName = "[No Variations]"
Change component parameters: Designator = "E5"; Footprint = "CD A(3216)"; UniqueID = "\DMXNYANV"
Change component parameters. Clean all parameters for all variants
Change component parameters (AddParameter): Name = "BOM名称"; Value = "贴片钽电容"; VariantName = "[No Variations]"
Change component parameters (AddParameter): Name = "淘宝ID"; Value = "封装库来自淘宝 ID：黄晶宝石"; VariantName = "[No Variations]"
Change component parameters (AddParameter): Name = "联系售后"; Value = "https://shop463601444.taobao.com"; VariantName = "[No Variations]"
Change component parameters: Designator = "E6"; Footprint = "CD A(3216)"; UniqueID = "\SILMMIOF"
Change component parameters. Clean all parameters for all variants
Change component parameters (AddParameter): Name = "BOM名称"; Value = "贴片钽电容"; VariantName = "[No Variations]"
Change component parameters (AddParameter): Name = "淘宝ID"; Value = "封装库来自淘宝 ID：黄晶宝石"; VariantName = "[No Variations]"
Change component parameters (AddParameter): Name = "联系售后"; Value = "https://shop463601444.taobao.com"; VariantName = "[No Variations]"
Change component parameters: Designator = "E7"; Footprint = "CD A(3216)"; UniqueID = "\KRCSCQTI"
Change component parameters. Clean all parameters for all variants
Change component parameters (AddParameter): Name = "BOM名称"; Value = "贴片钽电容"; VariantName = "[No Variations]"
Change component parameters (AddParameter): Name = "淘宝ID"; Value = "封装库来自淘宝 ID：黄晶宝石"; VariantName = "[No Variations]"
Change component parameters (AddParameter): Name = "联系售后"; Value = "https://shop463601444.taobao.com"; VariantName = "[No Variations]"
Change component parameters: Designator = "JP2"; Footprint = "HDR2.54-M-LI-5P"; UniqueID = "\MFWOCIVI"
Change component parameters. Clean all parameters for all variants
Change component parameters (AddParameter): Name = "BOM名称"; Value = "5P接插件"; VariantName = "[No Variations]"
Change component parameters (AddParameter): Name = "System"; Value = "Connector"; VariantName = "[No Variations]"
Change component parameters (AddParameter): Name = "学习资源"; Value = "https://shop463601444.taobao.com"; VariantName = "[No Variations]"
Change component parameters (AddParameter): Name = "版权归属"; Value = "封装库来自淘宝 ID：黄晶宝石"; VariantName = "[No Variations]"
Change component parameters: Designator = "D1"; Footprint = "SOD-123"; UniqueID = "\LRSBILKY"
Change component parameters. Clean all parameters for all variants
Change component parameters (AddParameter): Name = "BOM名称"; Value = "整流二极管"; VariantName = "[No Variations]"
Change component parameters (AddParameter): Name = "封装库来自淘宝卖家 ID：黄晶宝石"; Value = "其他店铺购入均为盗版，不享受售后技术支持服务，请立即申请退款"; VariantName = "[No Variations]"
Change component parameters (AddParameter): Name = "淘宝ID"; Value = "封装库来自淘宝 ID：黄晶宝石"; VariantName = "[No Variations]"
Change component parameters (AddParameter): Name = "联系售后，技术支持"; Value = "https://shop463601444.taobao.com"; VariantName = "[No Variations]"
Change component parameters: Designator = "D2"; Footprint = "SOD-123"; UniqueID = "\TLGADEMU"
Change component parameters. Clean all parameters for all variants
Change component parameters (AddParameter): Name = "BOM名称"; Value = "整流二极管"; VariantName = "[No Variations]"
Change component parameters (AddParameter): Name = "封装库来自淘宝卖家 ID：黄晶宝石"; Value = "其他店铺购入均为盗版，不享受售后技术支持服务，请立即申请退款"; VariantName = "[No Variations]"
Change component parameters (AddParameter): Name = "淘宝ID"; Value = "封装库来自淘宝 ID：黄晶宝石"; VariantName = "[No Variations]"
Change component parameters (AddParameter): Name = "联系售后，技术支持"; Value = "https://shop463601444.taobao.com"; VariantName = "[No Variations]"
Change component parameters: Designator = "D7"; Footprint = "SOD-123"; UniqueID = "\AWSIRWDE"
Change component parameters. Clean all parameters for all variants
Change component parameters (AddParameter): Name = "BOM名称"; Value = "肖特基二极管"; VariantName = "[No Variations]"
Change component parameters (AddParameter): Name = "属性"; Value = "40V/2A"; VariantName = "[No Variations]"
Change component parameters (AddParameter): Name = "欢迎光临"; Value = "https://shop463601444.taobao.com"; VariantName = "[No Variations]"
Change component parameters (AddParameter): Name = "淘宝ID"; Value = "封装库来自淘宝 ID：黄晶宝石"; VariantName = "[No Variations]"
Change component parameters: Designator = "D8"; Footprint = "SOD-123"; UniqueID = "\FLYHAOTI"
Change component parameters. Clean all parameters for all variants
Change component parameters (AddParameter): Name = "BOM名称"; Value = "肖特基二极管"; VariantName = "[No Variations]"
Change component parameters (AddParameter): Name = "属性"; Value = "40V/2A"; VariantName = "[No Variations]"
Change component parameters (AddParameter): Name = "欢迎光临"; Value = "https://shop463601444.taobao.com"; VariantName = "[No Variations]"
Change component parameters (AddParameter): Name = "淘宝ID"; Value = "封装库来自淘宝 ID：黄晶宝石"; VariantName = "[No Variations]"
Change component parameters: Designator = "D9"; Footprint = "SOD-123"; UniqueID = "\DARMRPUW"
Change component parameters. Clean all parameters for all variants
Change component parameters (AddParameter): Name = "BOM名称"; Value = "肖特基二极管"; VariantName = "[No Variations]"
Change component parameters (AddParameter): Name = "属性"; Value = "40V/2A"; VariantName = "[No Variations]"
Change component parameters (AddParameter): Name = "欢迎光临"; Value = "https://shop463601444.taobao.com"; VariantName = "[No Variations]"
Change component parameters (AddParameter): Name = "淘宝ID"; Value = "封装库来自淘宝 ID：黄晶宝石"; VariantName = "[No Variations]"
Change component parameters: Designator = "D10"; Footprint = "SOD-123"; UniqueID = "\AUBDCBTK"
Change component parameters. Clean all parameters for all variants
Change component parameters (AddParameter): Name = "BOM名称"; Value = "肖特基二极管"; VariantName = "[No Variations]"
Change component parameters (AddParameter): Name = "属性"; Value = "40V/2A"; VariantName = "[No Variations]"
Change component parameters (AddParameter): Name = "欢迎光临"; Value = "https://shop463601444.taobao.com"; VariantName = "[No Variations]"
Change component parameters (AddParameter): Name = "淘宝ID"; Value = "封装库来自淘宝 ID：黄晶宝石"; VariantName = "[No Variations]"
Change component parameters: Designator = "R2"; Footprint = "R 0402_L"; UniqueID = "\MPBORTRG"
Change component parameters. Clean all parameters for all variants
Change component parameters (AddParameter): Name = "BOM名称"; Value = "贴片电阻"; VariantName = "[No Variations]"
Change component parameters (AddParameter): Name = "封装库来自淘宝卖家 ID：黄晶宝石"; Value = "其他店铺购入均为盗版，不享受售后技术支持服务，请立即申请退款"; VariantName = "[No Variations]"
Change component parameters (AddParameter): Name = "版权归属"; Value = "来自淘宝 ID：黄晶宝石"; VariantName = "[No Variations]"
Change component parameters (AddParameter): Name = "联系售后"; Value = "https://shop463601444.taobao.com"; VariantName = "[No Variations]"
Change component parameters: Designator = "R3"; Footprint = "R 0402_L"; UniqueID = "\UHTBBPCX"
Change component parameters. Clean all parameters for all variants
Change component parameters (AddParameter): Name = "BOM名称"; Value = "贴片电阻"; VariantName = "[No Variations]"
Change component parameters (AddParameter): Name = "封装库来自淘宝卖家 ID：黄晶宝石"; Value = "其他店铺购入均为盗版，不享受售后技术支持服务，请立即申请退款"; VariantName = "[No Variations]"
Change component parameters (AddParameter): Name = "版权归属"; Value = "来自淘宝 ID：黄晶宝石"; VariantName = "[No Variations]"
Change component parameters (AddParameter): Name = "联系售后"; Value = "https://shop463601444.taobao.com"; VariantName = "[No Variations]"
Change component parameters: Designator = "R4"; Footprint = "R 0402_L"; UniqueID = "\SOYRRHFY"
Change component parameters. Clean all parameters for all variants
Change component parameters (AddParameter): Name = "BOM名称"; Value = "贴片电阻"; VariantName = "[No Variations]"
Change component parameters (AddParameter): Name = "封装库来自淘宝卖家 ID：黄晶宝石"; Value = "其他店铺购入均为盗版，不享受售后技术支持服务，请立即申请退款"; VariantName = "[No Variations]"
Change component parameters (AddParameter): Name = "版权归属"; Value = "来自淘宝 ID：黄晶宝石"; VariantName = "[No Variations]"
Change component parameters (AddParameter): Name = "联系售后"; Value = "https://shop463601444.taobao.com"; VariantName = "[No Variations]"
Change component parameters: Designator = "R5"; Footprint = "R 0402_L"; UniqueID = "\MIGFNEJO"
Change component parameters. Clean all parameters for all variants
Change component parameters (AddParameter): Name = "BOM名称"; Value = "贴片电阻"; VariantName = "[No Variations]"
Change component parameters (AddParameter): Name = "封装库来自淘宝卖家 ID：黄晶宝石"; Value = "其他店铺购入均为盗版，不享受售后技术支持服务，请立即申请退款"; VariantName = "[No Variations]"
Change component parameters (AddParameter): Name = "版权归属"; Value = "来自淘宝 ID：黄晶宝石"; VariantName = "[No Variations]"
Change component parameters (AddParameter): Name = "联系售后"; Value = "https://shop463601444.taobao.com"; VariantName = "[No Variations]"
Change component parameters: Designator = "R9"; Footprint = "R 0402_L"; UniqueID = "\VQCOVXMT"
Change component parameters. Clean all parameters for all variants
Change component parameters (AddParameter): Name = "BOM名称"; Value = "贴片电阻"; VariantName = "[No Variations]"
Change component parameters (AddParameter): Name = "封装库来自淘宝卖家 ID：黄晶宝石"; Value = "其他店铺购入均为盗版，不享受售后技术支持服务，请立即申请退款"; VariantName = "[No Variations]"
Change component parameters (AddParameter): Name = "版权归属"; Value = "来自淘宝 ID：黄晶宝石"; VariantName = "[No Variations]"
Change component parameters (AddParameter): Name = "联系售后"; Value = "https://shop463601444.taobao.com"; VariantName = "[No Variations]"
Change component parameters: Designator = "R10"; Footprint = "R 0402_L"; UniqueID = "\MPYDCYXB"
Change component parameters. Clean all parameters for all variants
Change component parameters (AddParameter): Name = "BOM名称"; Value = "贴片电阻"; VariantName = "[No Variations]"
Change component parameters (AddParameter): Name = "封装库来自淘宝卖家 ID：黄晶宝石"; Value = "其他店铺购入均为盗版，不享受售后技术支持服务，请立即申请退款"; VariantName = "[No Variations]"
Change component parameters (AddParameter): Name = "版权归属"; Value = "来自淘宝 ID：黄晶宝石"; VariantName = "[No Variations]"
Change component parameters (AddParameter): Name = "联系售后"; Value = "https://shop463601444.taobao.com"; VariantName = "[No Variations]"
Change component parameters: Designator = "R12"; Footprint = "R 0402_L"; UniqueID = "\KBGXMKQF"
Change component parameters. Clean all parameters for all variants
Change component parameters (AddParameter): Name = "BOM名称"; Value = "贴片电阻"; VariantName = "[No Variations]"
Change component parameters (AddParameter): Name = "封装库来自淘宝卖家 ID：黄晶宝石"; Value = "其他店铺购入均为盗版，不享受售后技术支持服务，请立即申请退款"; VariantName = "[No Variations]"
Change component parameters (AddParameter): Name = "版权归属"; Value = "来自淘宝 ID：黄晶宝石"; VariantName = "[No Variations]"
Change component parameters (AddParameter): Name = "联系售后"; Value = "https://shop463601444.taobao.com"; VariantName = "[No Variations]"
Change component parameters: Designator = "R13"; Footprint = "R 0402_L"; UniqueID = "\TAHVQCPD"
Change component parameters. Clean all parameters for all variants
Change component parameters (AddParameter): Name = "BOM名称"; Value = "贴片电阻"; VariantName = "[No Variations]"
Change component parameters (AddParameter): Name = "封装库来自淘宝卖家 ID：黄晶宝石"; Value = "其他店铺购入均为盗版，不享受售后技术支持服务，请立即申请退款"; VariantName = "[No Variations]"
Change component parameters (AddParameter): Name = "版权归属"; Value = "来自淘宝 ID：黄晶宝石"; VariantName = "[No Variations]"
Change component parameters (AddParameter): Name = "联系售后"; Value = "https://shop463601444.taobao.com"; VariantName = "[No Variations]"
Change component parameters: Designator = "R14"; Footprint = "R 0402_L"; UniqueID = "\CHUNUCVJ"
Change component parameters. Clean all parameters for all variants
Change component parameters (AddParameter): Name = "BOM名称"; Value = "贴片电阻"; VariantName = "[No Variations]"
Change component parameters (AddParameter): Name = "封装库来自淘宝卖家 ID：黄晶宝石"; Value = "其他店铺购入均为盗版，不享受售后技术支持服务，请立即申请退款"; VariantName = "[No Variations]"
Change component parameters (AddParameter): Name = "版权归属"; Value = "来自淘宝 ID：黄晶宝石"; VariantName = "[No Variations]"
Change component parameters (AddParameter): Name = "联系售后"; Value = "https://shop463601444.taobao.com"; VariantName = "[No Variations]"
Change component parameters: Designator = "R16"; Footprint = "R 0402_L"; UniqueID = "\OFJKNGYV"
Change component parameters. Clean all parameters for all variants
Change component parameters (AddParameter): Name = "BOM名称"; Value = "贴片电阻"; VariantName = "[No Variations]"
Change component parameters (AddParameter): Name = "封装库来自淘宝卖家 ID：黄晶宝石"; Value = "其他店铺购入均为盗版，不享受售后技术支持服务，请立即申请退款"; VariantName = "[No Variations]"
Change component parameters (AddParameter): Name = "版权归属"; Value = "来自淘宝 ID：黄晶宝石"; VariantName = "[No Variations]"
Change component parameters (AddParameter): Name = "联系售后"; Value = "https://shop463601444.taobao.com"; VariantName = "[No Variations]"
Change component parameters: Designator = "R35"; Footprint = "R 0402_L"; UniqueID = "\AWNPPSWR"
Change component parameters. Clean all parameters for all variants
Change component parameters (AddParameter): Name = "BOM名称"; Value = "贴片电阻"; VariantName = "[No Variations]"
Change component parameters (AddParameter): Name = "封装库来自淘宝卖家 ID：黄晶宝石"; Value = "其他店铺购入均为盗版，不享受售后技术支持服务，请立即申请退款"; VariantName = "[No Variations]"
Change component parameters (AddParameter): Name = "版权归属"; Value = "来自淘宝 ID：黄晶宝石"; VariantName = "[No Variations]"
Change component parameters (AddParameter): Name = "联系售后"; Value = "https://shop463601444.taobao.com"; VariantName = "[No Variations]"
Change component parameters: Designator = "R36"; Footprint = "R 0402_L"; UniqueID = "\SIKQXXTT"
Change component parameters. Clean all parameters for all variants
Change component parameters (AddParameter): Name = "BOM名称"; Value = "贴片电阻"; VariantName = "[No Variations]"
Change component parameters (AddParameter): Name = "封装库来自淘宝卖家 ID：黄晶宝石"; Value = "其他店铺购入均为盗版，不享受售后技术支持服务，请立即申请退款"; VariantName = "[No Variations]"
Change component parameters (AddParameter): Name = "版权归属"; Value = "来自淘宝 ID：黄晶宝石"; VariantName = "[No Variations]"
Change component parameters (AddParameter): Name = "联系售后"; Value = "https://shop463601444.taobao.com"; VariantName = "[No Variations]"
Change component parameters: Designator = "R37"; Footprint = "R 0402_L"; UniqueID = "\MOOMCXKH"
Change component parameters. Clean all parameters for all variants
Change component parameters (AddParameter): Name = "BOM名称"; Value = "贴片电阻"; VariantName = "[No Variations]"
Change component parameters (AddParameter): Name = "封装库来自淘宝卖家 ID：黄晶宝石"; Value = "其他店铺购入均为盗版，不享受售后技术支持服务，请立即申请退款"; VariantName = "[No Variations]"
Change component parameters (AddParameter): Name = "版权归属"; Value = "来自淘宝 ID：黄晶宝石"; VariantName = "[No Variations]"
Change component parameters (AddParameter): Name = "联系售后"; Value = "https://shop463601444.taobao.com"; VariantName = "[No Variations]"
Change component parameters: Designator = "R38"; Footprint = "R 0402_L"; UniqueID = "\RNHCDKSH"
Change component parameters. Clean all parameters for all variants
Change component parameters (AddParameter): Name = "BOM名称"; Value = "贴片电阻"; VariantName = "[No Variations]"
Change component parameters (AddParameter): Name = "封装库来自淘宝卖家 ID：黄晶宝石"; Value = "其他店铺购入均为盗版，不享受售后技术支持服务，请立即申请退款"; VariantName = "[No Variations]"
Change component parameters (AddParameter): Name = "版权归属"; Value = "来自淘宝 ID：黄晶宝石"; VariantName = "[No Variations]"
Change component parameters (AddParameter): Name = "联系售后"; Value = "https://shop463601444.taobao.com"; VariantName = "[No Variations]"
Change component parameters: Designator = "R43"; Footprint = "R 0402_L"; UniqueID = "\GBLDPXQU"
Change component parameters. Clean all parameters for all variants
Change component parameters (AddParameter): Name = "BOM名称"; Value = "贴片电阻"; VariantName = "[No Variations]"
Change component parameters (AddParameter): Name = "封装库来自淘宝卖家 ID：黄晶宝石"; Value = "其他店铺购入均为盗版，不享受售后技术支持服务，请立即申请退款"; VariantName = "[No Variations]"
Change component parameters (AddParameter): Name = "版权归属"; Value = "来自淘宝 ID：黄晶宝石"; VariantName = "[No Variations]"
Change component parameters (AddParameter): Name = "联系售后"; Value = "https://shop463601444.taobao.com"; VariantName = "[No Variations]"
Change component parameters: Designator = "R44"; Footprint = "R 0402_L"; UniqueID = "\PGSYQUYX"
Change component parameters. Clean all parameters for all variants
Change component parameters (AddParameter): Name = "BOM名称"; Value = "贴片电阻"; VariantName = "[No Variations]"
Change component parameters (AddParameter): Name = "封装库来自淘宝卖家 ID：黄晶宝石"; Value = "其他店铺购入均为盗版，不享受售后技术支持服务，请立即申请退款"; VariantName = "[No Variations]"
Change component parameters (AddParameter): Name = "版权归属"; Value = "来自淘宝 ID：黄晶宝石"; VariantName = "[No Variations]"
Change component parameters (AddParameter): Name = "联系售后"; Value = "https://shop463601444.taobao.com"; VariantName = "[No Variations]"
Change component parameters: Designator = "R45"; Footprint = "R 0402_L"; UniqueID = "\QKMDPTIU"
Change component parameters. Clean all parameters for all variants
Change component parameters (AddParameter): Name = "BOM名称"; Value = "贴片电阻"; VariantName = "[No Variations]"
Change component parameters (AddParameter): Name = "封装库来自淘宝卖家 ID：黄晶宝石"; Value = "其他店铺购入均为盗版，不享受售后技术支持服务，请立即申请退款"; VariantName = "[No Variations]"
Change component parameters (AddParameter): Name = "版权归属"; Value = "来自淘宝 ID：黄晶宝石"; VariantName = "[No Variations]"
Change component parameters (AddParameter): Name = "联系售后"; Value = "https://shop463601444.taobao.com"; VariantName = "[No Variations]"
Change component parameters: Designator = "R46"; Footprint = "R 0402_L"; UniqueID = "\QFIALJXT"
Change component parameters. Clean all parameters for all variants
Change component parameters (AddParameter): Name = "BOM名称"; Value = "贴片电阻"; VariantName = "[No Variations]"
Change component parameters (AddParameter): Name = "封装库来自淘宝卖家 ID：黄晶宝石"; Value = "其他店铺购入均为盗版，不享受售后技术支持服务，请立即申请退款"; VariantName = "[No Variations]"
Change component parameters (AddParameter): Name = "版权归属"; Value = "来自淘宝 ID：黄晶宝石"; VariantName = "[No Variations]"
Change component parameters (AddParameter): Name = "联系售后"; Value = "https://shop463601444.taobao.com"; VariantName = "[No Variations]"
Change component parameters: Designator = "C1"; Footprint = "C 0402_L"; UniqueID = "\LPJDSALY"
Change component parameters. Clean all parameters for all variants
Change component parameters (AddParameter): Name = "BOM名称"; Value = "无极性贴片电容"; VariantName = "[No Variations]"
Change component parameters (AddParameter): Name = "唯一出售店铺网址"; Value = "https://shop463601444.taobao.com"; VariantName = "[No Variations]"
Change component parameters (AddParameter): Name = "淘宝ID"; Value = "封装库来自淘宝 ID：黄晶宝石"; VariantName = "[No Variations]"
Change component parameters (AddParameter): Name = "联系售后，技术支持"; Value = "https://shop463601444.taobao.com"; VariantName = "[No Variations]"
Change component parameters: Designator = "C2"; Footprint = "C 0402_L"; UniqueID = "\MHNCTMDE"
Change component parameters. Clean all parameters for all variants
Change component parameters (AddParameter): Name = "BOM名称"; Value = "无极性贴片电容"; VariantName = "[No Variations]"
Change component parameters (AddParameter): Name = "唯一出售店铺网址"; Value = "https://shop463601444.taobao.com"; VariantName = "[No Variations]"
Change component parameters (AddParameter): Name = "淘宝ID"; Value = "封装库来自淘宝 ID：黄晶宝石"; VariantName = "[No Variations]"
Change component parameters (AddParameter): Name = "联系售后，技术支持"; Value = "https://shop463601444.taobao.com"; VariantName = "[No Variations]"
Change component parameters: Designator = "C3"; Footprint = "C 0402_L"; UniqueID = "\SIMJSRMI"
Change component parameters. Clean all parameters for all variants
Change component parameters (AddParameter): Name = "BOM名称"; Value = "无极性贴片电容"; VariantName = "[No Variations]"
Change component parameters (AddParameter): Name = "唯一出售店铺网址"; Value = "https://shop463601444.taobao.com"; VariantName = "[No Variations]"
Change component parameters (AddParameter): Name = "淘宝ID"; Value = "封装库来自淘宝 ID：黄晶宝石"; VariantName = "[No Variations]"
Change component parameters (AddParameter): Name = "联系售后，技术支持"; Value = "https://shop463601444.taobao.com"; VariantName = "[No Variations]"
Change component parameters: Designator = "C4"; Footprint = "C 0402_L"; UniqueID = "\SCDPDPCA"
Change component parameters. Clean all parameters for all variants
Change component parameters (AddParameter): Name = "BOM名称"; Value = "无极性贴片电容"; VariantName = "[No Variations]"
Change component parameters (AddParameter): Name = "唯一出售店铺网址"; Value = "https://shop463601444.taobao.com"; VariantName = "[No Variations]"
Change component parameters (AddParameter): Name = "淘宝ID"; Value = "封装库来自淘宝 ID：黄晶宝石"; VariantName = "[No Variations]"
Change component parameters (AddParameter): Name = "联系售后，技术支持"; Value = "https://shop463601444.taobao.com"; VariantName = "[No Variations]"
Change component parameters: Designator = "C6"; Footprint = "C 0402_L"; UniqueID = "\XVSPQCMI"
Change component parameters. Clean all parameters for all variants
Change component parameters (AddParameter): Name = "BOM名称"; Value = "无极性贴片电容"; VariantName = "[No Variations]"
Change component parameters (AddParameter): Name = "唯一出售店铺网址"; Value = "https://shop463601444.taobao.com"; VariantName = "[No Variations]"
Change component parameters (AddParameter): Name = "淘宝ID"; Value = "封装库来自淘宝 ID：黄晶宝石"; VariantName = "[No Variations]"
Change component parameters (AddParameter): Name = "联系售后，技术支持"; Value = "https://shop463601444.taobao.com"; VariantName = "[No Variations]"
Change component parameters: Designator = "C10"; Footprint = "C 0402_L"; UniqueID = "\GDENEUAB"
Change component parameters. Clean all parameters for all variants
Change component parameters (AddParameter): Name = "BOM名称"; Value = "无极性贴片电容"; VariantName = "[No Variations]"
Change component parameters (AddParameter): Name = "唯一出售店铺网址"; Value = "https://shop463601444.taobao.com"; VariantName = "[No Variations]"
Change component parameters (AddParameter): Name = "淘宝ID"; Value = "封装库来自淘宝 ID：黄晶宝石"; VariantName = "[No Variations]"
Change component parameters (AddParameter): Name = "联系售后，技术支持"; Value = "https://shop463601444.taobao.com"; VariantName = "[No Variations]"
Change component parameters: Designator = "C11"; Footprint = "C 0402_L"; UniqueID = "\YVPJXQKK"
Change component parameters. Clean all parameters for all variants
Change component parameters (AddParameter): Name = "BOM名称"; Value = "无极性贴片电容"; VariantName = "[No Variations]"
Change component parameters (AddParameter): Name = "唯一出售店铺网址"; Value = "https://shop463601444.taobao.com"; VariantName = "[No Variations]"
Change component parameters (AddParameter): Name = "淘宝ID"; Value = "封装库来自淘宝 ID：黄晶宝石"; VariantName = "[No Variations]"
Change component parameters (AddParameter): Name = "联系售后，技术支持"; Value = "https://shop463601444.taobao.com"; VariantName = "[No Variations]"
Change component parameters: Designator = "C12"; Footprint = "C 0402_L"; UniqueID = "\IKCYVXGT"
Change component parameters. Clean all parameters for all variants
Change component parameters (AddParameter): Name = "BOM名称"; Value = "无极性贴片电容"; VariantName = "[No Variations]"
Change component parameters (AddParameter): Name = "唯一出售店铺网址"; Value = "https://shop463601444.taobao.com"; VariantName = "[No Variations]"
Change component parameters (AddParameter): Name = "淘宝ID"; Value = "封装库来自淘宝 ID：黄晶宝石"; VariantName = "[No Variations]"
Change component parameters (AddParameter): Name = "联系售后，技术支持"; Value = "https://shop463601444.taobao.com"; VariantName = "[No Variations]"
Change component parameters: Designator = "C13"; Footprint = "C 0402_L"; UniqueID = "\DEQCPGBB"
Change component parameters. Clean all parameters for all variants
Change component parameters (AddParameter): Name = "BOM名称"; Value = "无极性贴片电容"; VariantName = "[No Variations]"
Change component parameters (AddParameter): Name = "唯一出售店铺网址"; Value = "https://shop463601444.taobao.com"; VariantName = "[No Variations]"
Change component parameters (AddParameter): Name = "淘宝ID"; Value = "封装库来自淘宝 ID：黄晶宝石"; VariantName = "[No Variations]"
Change component parameters (AddParameter): Name = "联系售后，技术支持"; Value = "https://shop463601444.taobao.com"; VariantName = "[No Variations]"
Change component parameters: Designator = "C14"; Footprint = "C 0402_L"; UniqueID = "\OIJEJSOF"
Change component parameters. Clean all parameters for all variants
Change component parameters (AddParameter): Name = "BOM名称"; Value = "无极性贴片电容"; VariantName = "[No Variations]"
Change component parameters (AddParameter): Name = "唯一出售店铺网址"; Value = "https://shop463601444.taobao.com"; VariantName = "[No Variations]"
Change component parameters (AddParameter): Name = "淘宝ID"; Value = "封装库来自淘宝 ID：黄晶宝石"; VariantName = "[No Variations]"
Change component parameters (AddParameter): Name = "联系售后，技术支持"; Value = "https://shop463601444.taobao.com"; VariantName = "[No Variations]"
Change component parameters: Designator = "C15"; Footprint = "C 0402_L"; UniqueID = "\YKITBXYE"
Change component parameters. Clean all parameters for all variants
Change component parameters (AddParameter): Name = "BOM名称"; Value = "无极性贴片电容"; VariantName = "[No Variations]"
Change component parameters (AddParameter): Name = "唯一出售店铺网址"; Value = "https://shop463601444.taobao.com"; VariantName = "[No Variations]"
Change component parameters (AddParameter): Name = "淘宝ID"; Value = "封装库来自淘宝 ID：黄晶宝石"; VariantName = "[No Variations]"
Change component parameters (AddParameter): Name = "联系售后，技术支持"; Value = "https://shop463601444.taobao.com"; VariantName = "[No Variations]"
Change component parameters: Designator = "C16"; Footprint = "C 0402_L"; UniqueID = "\ROABXJMK"
Change component parameters. Clean all parameters for all variants
Change component parameters (AddParameter): Name = "BOM名称"; Value = "无极性贴片电容"; VariantName = "[No Variations]"
Change component parameters (AddParameter): Name = "唯一出售店铺网址"; Value = "https://shop463601444.taobao.com"; VariantName = "[No Variations]"
Change component parameters (AddParameter): Name = "淘宝ID"; Value = "封装库来自淘宝 ID：黄晶宝石"; VariantName = "[No Variations]"
Change component parameters (AddParameter): Name = "联系售后，技术支持"; Value = "https://shop463601444.taobao.com"; VariantName = "[No Variations]"
Change component parameters: Designator = "C21"; Footprint = "C 0402_L"; UniqueID = "\KUFAKJIU"
Change component parameters. Clean all parameters for all variants
Change component parameters (AddParameter): Name = "BOM名称"; Value = "无极性贴片电容"; VariantName = "[No Variations]"
Change component parameters (AddParameter): Name = "唯一出售店铺网址"; Value = "https://shop463601444.taobao.com"; VariantName = "[No Variations]"
Change component parameters (AddParameter): Name = "淘宝ID"; Value = "封装库来自淘宝 ID：黄晶宝石"; VariantName = "[No Variations]"
Change component parameters (AddParameter): Name = "联系售后，技术支持"; Value = "https://shop463601444.taobao.com"; VariantName = "[No Variations]"
Change component parameters: Designator = "C22"; Footprint = "C 0402_L"; UniqueID = "\EPGHADTE"
Change component parameters. Clean all parameters for all variants
Change component parameters (AddParameter): Name = "BOM名称"; Value = "无极性贴片电容"; VariantName = "[No Variations]"
Change component parameters (AddParameter): Name = "唯一出售店铺网址"; Value = "https://shop463601444.taobao.com"; VariantName = "[No Variations]"
Change component parameters (AddParameter): Name = "淘宝ID"; Value = "封装库来自淘宝 ID：黄晶宝石"; VariantName = "[No Variations]"
Change component parameters (AddParameter): Name = "联系售后，技术支持"; Value = "https://shop463601444.taobao.com"; VariantName = "[No Variations]"
Change component parameters: Designator = "C23"; Footprint = "C 0402_L"; UniqueID = "\YREGUQWQ"
Change component parameters. Clean all parameters for all variants
Change component parameters (AddParameter): Name = "BOM名称"; Value = "无极性贴片电容"; VariantName = "[No Variations]"
Change component parameters (AddParameter): Name = "唯一出售店铺网址"; Value = "https://shop463601444.taobao.com"; VariantName = "[No Variations]"
Change component parameters (AddParameter): Name = "淘宝ID"; Value = "封装库来自淘宝 ID：黄晶宝石"; VariantName = "[No Variations]"
Change component parameters (AddParameter): Name = "联系售后，技术支持"; Value = "https://shop463601444.taobao.com"; VariantName = "[No Variations]"
Change component parameters: Designator = "C24"; Footprint = "C 0402_L"; UniqueID = "\JSLRWWDA"
Change component parameters. Clean all parameters for all variants
Change component parameters (AddParameter): Name = "BOM名称"; Value = "无极性贴片电容"; VariantName = "[No Variations]"
Change component parameters (AddParameter): Name = "唯一出售店铺网址"; Value = "https://shop463601444.taobao.com"; VariantName = "[No Variations]"
Change component parameters (AddParameter): Name = "淘宝ID"; Value = "封装库来自淘宝 ID：黄晶宝石"; VariantName = "[No Variations]"
Change component parameters (AddParameter): Name = "联系售后，技术支持"; Value = "https://shop463601444.taobao.com"; VariantName = "[No Variations]"
Change component parameters: Designator = "C30"; Footprint = "C 0402_L"; UniqueID = "\MJVXEQCE"
Change component parameters. Clean all parameters for all variants
Change component parameters (AddParameter): Name = "BOM名称"; Value = "无极性贴片电容"; VariantName = "[No Variations]"
Change component parameters (AddParameter): Name = "唯一出售店铺网址"; Value = "https://shop463601444.taobao.com"; VariantName = "[No Variations]"
Change component parameters (AddParameter): Name = "淘宝ID"; Value = "封装库来自淘宝 ID：黄晶宝石"; VariantName = "[No Variations]"
Change component parameters (AddParameter): Name = "联系售后，技术支持"; Value = "https://shop463601444.taobao.com"; VariantName = "[No Variations]"
Change component parameters: Designator = "C31"; Footprint = "C 0402_L"; UniqueID = "\XOTGRWVU"
Change component parameters. Clean all parameters for all variants
Change component parameters (AddParameter): Name = "BOM名称"; Value = "无极性贴片电容"; VariantName = "[No Variations]"
Change component parameters (AddParameter): Name = "唯一出售店铺网址"; Value = "https://shop463601444.taobao.com"; VariantName = "[No Variations]"
Change component parameters (AddParameter): Name = "淘宝ID"; Value = "封装库来自淘宝 ID：黄晶宝石"; VariantName = "[No Variations]"
Change component parameters (AddParameter): Name = "联系售后，技术支持"; Value = "https://shop463601444.taobao.com"; VariantName = "[No Variations]"
Added Component: Designator=R?(RCA-8P4R-0603)
Add component. Clean all parameters for all variants
Add component (AddParameter): Name = "BOM名称"; Value = "贴片网络排阻"; VariantName = "[No Variations]"
Add component (AddParameter): Name = "版权归属"; Value = "封装库来自淘宝 ID：黄晶宝石"; VariantName = "[No Variations]"
Add component (AddParameter): Name = "联系售后"; Value = "https://shop463601444.taobao.com"; VariantName = "[No Variations]"
Added Pin To Net: NetName=GND Pin=C21-1
Added Pin To Net: NetName=PA3/ADC4 Pin=C21-2
Added Pin To Net: NetName=PA0/ADC1 Pin=C22-1
Added Pin To Net: NetName=GND Pin=C22-2
Added Pin To Net: NetName=PA2/ADC3 Pin=C30-1
Added Pin To Net: NetName=GND Pin=C30-2
Added Pin To Net: NetName=PA1/ADC2 Pin=C31-1
Added Pin To Net: NetName=GND Pin=C31-2
Added Pin To Net: NetName=GND Pin=D7-1
Added Pin To Net: NetName=PA3/ADC4 Pin=D7-2
Added Pin To Net: NetName=GND Pin=D8-1
Added Pin To Net: NetName=PA0/ADC1 Pin=D8-2
Added Pin To Net: NetName=GND Pin=D9-1
Added Pin To Net: NetName=PA2/ADC3 Pin=D9-2
Added Pin To Net: NetName=GND Pin=D10-1
Added Pin To Net: NetName=PA1/ADC2 Pin=D10-2
Added Pin To Net: NetName=3.3V Pin=E7-1
Added Pin To Net: NetName=GND Pin=E7-2
Added Pin To Net: NetName=VC9 Pin=IC1-1
Added Pin To Net: NetName=VC10 Pin=IC1-2
Added Pin To Net: NetName=VC11 Pin=IC1-3
Added Pin To Net: NetName=VC8 Pin=IC1-4
Added Pin To Net: NetName=VC7 Pin=IC1-5
Added Pin To Net: NetName=VC6 Pin=IC1-6
Added Pin To Net: NetName=VC5 Pin=IC1-7
Added Pin To Net: NetName=VC4 Pin=IC1-8
Added Pin To Net: NetName=VC3 Pin=IC1-9
Added Pin To Net: NetName=VC1 Pin=IC1-10
Added Pin To Net: NetName=VC2 Pin=IC1-11
Added Pin To Net: NetName=GND Pin=IC1-12
Added Pin To Net: NetName=VC0 Pin=IC1-13
Added Pin To Net: NetName=GND Pin=IC1-18
Added Pin To Net: NetName=GND Pin=IC1-19
Added Pin To Net: NetName=PA4/A Pin=IC1-20
Added Pin To Net: NetName=PA5/B Pin=IC1-21
Added Pin To Net: NetName=PA6/C Pin=IC1-22
Added Pin To Net: NetName=PA7/D Pin=IC1-23
Added Pin To Net: NetName=5V Pin=IC1-24
Added Pin To Net: NetName=NetR35_1 Pin=R35-1
Added Pin To Net: NetName=PA3/ADC4 Pin=R35-2
Added Pin To Net: NetName=PA0/ADC1 Pin=R36-1
Added Pin To Net: NetName=NetR36_2 Pin=R36-2
Added Pin To Net: NetName=NetR35_1 Pin=R37-1
Added Pin To Net: NetName=GND Pin=R37-2
Added Pin To Net: NetName=GND Pin=R38-1
Added Pin To Net: NetName=NetR36_2 Pin=R38-2
Added Pin To Net: NetName=GND Pin=R43-1
Added Pin To Net: NetName=NetR43_2 Pin=R43-2
Added Pin To Net: NetName=NetR44_1 Pin=R44-1
Added Pin To Net: NetName=GND Pin=R44-2
Added Pin To Net: NetName=PA1/ADC2 Pin=R45-1
Added Pin To Net: NetName=NetR44_1 Pin=R45-2
Added Pin To Net: NetName=NetR43_2 Pin=R46-1
Added Pin To Net: NetName=PA2/ADC3 Pin=R46-2
Added Pin To Net: NetName=GND Pin=R?-1
Added Pin To Net: NetName=GND Pin=R?-2
Added Pin To Net: NetName=GND Pin=R?-3
Added Pin To Net: NetName=GND Pin=R?-4
Added Pin To Net: NetName=IN1 Pin=R?-5
Added Pin To Net: NetName=IN2 Pin=R?-6
Added Pin To Net: NetName=IN3 Pin=R?-7
Added Pin To Net: NetName=IN4 Pin=R?-8
Added Pin To Net: NetName=VC0 Pin=U4-1
Added Pin To Net: NetName=CV0 Pin=U4-2
Added Pin To Net: NetName=VC1 Pin=U4-3
Added Pin To Net: NetName=CV1 Pin=U4-4
Added Pin To Net: NetName=VC2 Pin=U4-5
Added Pin To Net: NetName=CV2 Pin=U4-6
Added Pin To Net: NetName=GND Pin=U4-7
Added Pin To Net: NetName=CV3 Pin=U4-8
Added Pin To Net: NetName=VC3 Pin=U4-9
Added Pin To Net: NetName=CV4 Pin=U4-10
Added Pin To Net: NetName=VC4 Pin=U4-11
Added Pin To Net: NetName=CV5 Pin=U4-12
Added Pin To Net: NetName=VC5 Pin=U4-13
Added Pin To Net: NetName=5V Pin=U4-14
Added Pin To Net: NetName=VC6 Pin=U5-1
Added Pin To Net: NetName=CV6 Pin=U5-2
Added Pin To Net: NetName=VC7 Pin=U5-3
Added Pin To Net: NetName=CV7 Pin=U5-4
Added Pin To Net: NetName=VC8 Pin=U5-5
Added Pin To Net: NetName=CV8 Pin=U5-6
Added Pin To Net: NetName=GND Pin=U5-7
Added Pin To Net: NetName=CV9 Pin=U5-8
Added Pin To Net: NetName=VC9 Pin=U5-9
Added Pin To Net: NetName=CV10 Pin=U5-10
Added Pin To Net: NetName=VC10 Pin=U5-11
Added Pin To Net: NetName=CV11 Pin=U5-12
Added Pin To Net: NetName=VC11 Pin=U5-13
Added Pin To Net: NetName=5V Pin=U5-14
Added Pin To Net: NetName=PA3/ADC4 Pin=U6-1
Added Pin To Net: NetName=NetR35_1 Pin=U6-2
Added Pin To Net: NetName=IN1 Pin=U6-3
Added Pin To Net: NetName=3.3V Pin=U6-4
Added Pin To Net: NetName=IN2 Pin=U6-5
Added Pin To Net: NetName=NetR43_2 Pin=U6-6
Added Pin To Net: NetName=PA2/ADC3 Pin=U6-7
Added Pin To Net: NetName=PA1/ADC2 Pin=U6-8
Added Pin To Net: NetName=NetR44_1 Pin=U6-9
Added Pin To Net: NetName=IN3 Pin=U6-10
Added Pin To Net: NetName=GND Pin=U6-11
Added Pin To Net: NetName=IN4 Pin=U6-12
Added Pin To Net: NetName=NetR36_2 Pin=U6-13
Added Pin To Net: NetName=PA0/ADC1 Pin=U6-14
Added Pin To Net: NetName=IN1 Pin=传感器-1
Added Pin To Net: NetName=IN2 Pin=传感器-2
Added Pin To Net: NetName=IN3 Pin=传感器-3
Added Pin To Net: NetName=IN4 Pin=传感器-4
Added Pin To Net: NetName=CV0 Pin=传感器-5
Added Pin To Net: NetName=CV1 Pin=传感器-6
Added Pin To Net: NetName=CV2 Pin=传感器-7
Added Pin To Net: NetName=CV3 Pin=传感器-8
Added Pin To Net: NetName=CV4 Pin=传感器-9
Added Pin To Net: NetName=CV5 Pin=传感器-10
Added Pin To Net: NetName=CV6 Pin=传感器-11
Added Pin To Net: NetName=CV7 Pin=传感器-12
Added Pin To Net: NetName=CV8 Pin=传感器-13
Added Pin To Net: NetName=CV9 Pin=传感器-14
Added Pin To Net: NetName=CV10 Pin=传感器-15
Added Pin To Net: NetName=CV11 Pin=传感器-16
Added Member To Class: ClassName=足底压力 Member=Component C21 104
Added Member To Class: ClassName=足底压力 Member=Component C22 104
Added Member To Class: ClassName=足底压力 Member=Component C30 104
Added Member To Class: ClassName=足底压力 Member=Component C31 104
Added Member To Class: ClassName=足底压力 Member=Component D7 1N5819
Added Member To Class: ClassName=足底压力 Member=Component D8 1N5819
Added Member To Class: ClassName=足底压力 Member=Component D9 1N5819
Added Member To Class: ClassName=足底压力 Member=Component D10 1N5819
Added Member To Class: ClassName=足底压力 Member=Component E7 10uF/16V
Added Member To Class: ClassName=足底压力 Member=Component IC1 74HC154
Added Member To Class: ClassName=足底压力 Member=Component R35 30K
Added Member To Class: ClassName=足底压力 Member=Component R36 30K
Added Member To Class: ClassName=足底压力 Member=Component R37 10K
Added Member To Class: ClassName=足底压力 Member=Component R38 10K
Added Member To Class: ClassName=足底压力 Member=Component R43 10K
Added Member To Class: ClassName=足底压力 Member=Component R44 10K
Added Member To Class: ClassName=足底压力 Member=Component R45 30K
Added Member To Class: ClassName=足底压力 Member=Component R46 30K
Added Member To Class: ClassName=足底压力 Member=Component R? 10K
Added Member To Class: ClassName=足底压力 Member=Component U4 SN74HC05DR
Added Member To Class: ClassName=足底压力 Member=Component U5 SN74HC05DR
Added Member To Class: ClassName=足底压力 Member=Component U6 OPA4377
Added Room: Name=足底压力
