Removed Pin From Net: NetName=XTALA Pin=C6-2
Removed Pin From Net: NetName=GND Pin=C7-1
Removed Pin From Net: NetName=XTALB Pin=C7-2
Removed Pin From Net: NetName=XTALA Pin=R17-1
Removed Pin From Net: NetName=XTALB Pin=R17-2
Removed Pin From Net: NetName=XTALA Pin=X1-1
Removed Pin From Net: NetName=XTALB Pin=X1-2
Removed Member From Class: ClassName=足底压力 Member=C7
Removed Member From Class: ClassName=足底压力 Member=R17
Removed Member From Class: ClassName=足底压力 Member=X1
Change Component Footprint: Designator=C3 Old Footprint=C 0603_L New Footprint=C 0402_L
Change Component Footprint: Designator=C4 Old Footprint=C 0603_L New Footprint=C 0402_L
Change Component Footprint: Designator=C5 Old Footprint=C 0603_L New Footprint=C 0402_L
Change Component Footprint: Designator=C6 Old Footprint=C 0603_L New Footprint=C 0402_L
Change Component Footprint: Designator=C10 Old Footprint=C 0603_L New Footprint=C 0402_L
Change Component Footprint: Designator=C11 Old Footprint=C 0603_L New Footprint=C 0402_L
Change Component Footprint: Designator=C12 Old Footprint=C 0603_L New Footprint=C 0402_L
Change Component Footprint: Designator=C13 Old Footprint=C 0603_L New Footprint=C 0402_L
Change Component Footprint: Designator=C14 Old Footprint=C 0603_L New Footprint=C 0402_L
Change Component Footprint: Designator=C15 Old Footprint=C 0603_L New Footprint=C 0402_L
Change Component Footprint: Designator=C16 Old Footprint=C 0603_L New Footprint=C 0402_L
Change Component Footprint: Designator=C17 Old Footprint=C 0603_L New Footprint=C 0402_L
Change Component Footprint: Designator=C21 Old Footprint=C 0603_L New Footprint=C 0402_L
Change Component Footprint: Designator=C22 Old Footprint=C 0603_L New Footprint=C 0402_L
Change Component Footprint: Designator=C23 Old Footprint=C 0603_L New Footprint=C 0402_L
Change Component Footprint: Designator=C24 Old Footprint=C 0603_L New Footprint=C 0402_L
Change Component Footprint: Designator=C30 Old Footprint=C 0603_L New Footprint=C 0402_L
Change Component Footprint: Designator=C31 Old Footprint=C 0603_L New Footprint=C 0402_L
Change Component Footprint: Designator=R3 Old Footprint=R 0603_L New Footprint=R 0402_L
Change Component Footprint: Designator=R5 Old Footprint=R 0603_L New Footprint=R 0402_L
Change Component Footprint: Designator=R9 Old Footprint=R 0603_L New Footprint=R 0402_L
Change Component Footprint: Designator=R10 Old Footprint=R 0603_L New Footprint=R 0402_L
Change Component Footprint: Designator=R11 Old Footprint=R 0603_L New Footprint=R 0402_L
Change Component Footprint: Designator=R12 Old Footprint=R 0603_L New Footprint=R 0402_L
Change Component Footprint: Designator=R13 Old Footprint=R 0603_L New Footprint=R 0402_L
Change Component Footprint: Designator=R15 Old Footprint=R 0603_L New Footprint=R 0402_L
Change Component Footprint: Designator=R24 Old Footprint=R 0603_L New Footprint=R 0402_L
Change Component Footprint: Designator=R25 Old Footprint=R 0603_L New Footprint=R 0402_L
Change Component Footprint: Designator=R30 Old Footprint=R 0603_L New Footprint=R 0402_L
Change Component Footprint: Designator=R35 Old Footprint=R 0603_L New Footprint=R 0402_L
Change Component Footprint: Designator=R36 Old Footprint=R 0603_L New Footprint=R 0402_L
Change Component Footprint: Designator=R37 Old Footprint=R 0603_L New Footprint=R 0402_L
Change Component Footprint: Designator=R38 Old Footprint=R 0603_L New Footprint=R 0402_L
Change Component Footprint: Designator=R43 Old Footprint=R 0603_L New Footprint=R 0402_L
Change Component Footprint: Designator=R44 Old Footprint=R 0603_L New Footprint=R 0402_L
Change Component Footprint: Designator=R45 Old Footprint=R 0603_L New Footprint=R 0402_L
Change Component Footprint: Designator=R46 Old Footprint=R 0603_L New Footprint=R 0402_L
Added Component: Designator=C2(C 0402_L)
Add component. Clean all parameters for all variants
Add component (AddParameter): Name = "BOM名称"; Value = "无极性贴片电容"; VariantName = "[No Variations]"
Add component (AddParameter): Name = "唯一出售店铺网址"; Value = "https://shop463601444.taobao.com"; VariantName = "[No Variations]"
Add component (AddParameter): Name = "淘宝ID"; Value = "封装库来自淘宝 ID：黄晶宝石"; VariantName = "[No Variations]"
Add component (AddParameter): Name = "联系售后，技术支持"; Value = "https://shop463601444.taobao.com"; VariantName = "[No Variations]"
Added Component: Designator=R14(R 0402_L)
Add component. Clean all parameters for all variants
Add component (AddParameter): Name = "BOM名称"; Value = "贴片电阻"; VariantName = "[No Variations]"
Add component (AddParameter): Name = "封装库来自淘宝卖家 ID：黄晶宝石"; Value = "其他店铺购入均为盗版，不享受售后技术支持服务，请立即申请退款"; VariantName = "[No Variations]"
Add component (AddParameter): Name = "版权归属"; Value = "来自淘宝 ID：黄晶宝石"; VariantName = "[No Variations]"
Add component (AddParameter): Name = "联系售后"; Value = "https://shop463601444.taobao.com"; VariantName = "[No Variations]"
Added Component: Designator=Y1(XTAL3*7)
Add component. Clean all parameters for all variants
Added Pin To Net: NetName=GND Pin=C2-1
Added Pin To Net: NetName=XTALA Pin=C2-2
Added Pin To Net: NetName=XTALB Pin=C6-2
Added Pin To Net: NetName=XTALA Pin=R14-1
Added Pin To Net: NetName=XTALB Pin=R14-2
Added Pin To Net: NetName=XTALA Pin=Y1-1
Added Pin To Net: NetName=GND Pin=Y1-2
Added Pin To Net: NetName=XTALB Pin=Y1-3
Added Member To Class: ClassName=足底压力 Member=Component C2 22pF
Added Member To Class: ClassName=足底压力 Member=Component R14 10M
Added Member To Class: ClassName=足底压力 Member=Component U1 MPU6050
Added Member To Class: ClassName=足底压力 Member=Component Y1 晶振-8M
Added Room: Name=足底压力
