Removed Pin From Net: NetName=GND-IMU Pin=U1-1
Removed Pin From Net: NetName=3.3V Pin=U1-8
Removed Pin From Net: NetName=GND-IMU Pin=U1-9
Removed Pin From Net: NetName=NetC14_2 Pin=U1-10
Removed Pin From Net: NetName=GND-IMU Pin=U1-11
Removed Pin From Net: NetName=3.3V Pin=U1-13
Removed Pin From Net: NetName=GND-IMU Pin=U1-18
Removed Pin From Net: NetName=NetC3_2 Pin=U1-20
Removed Pin From Net: NetName=PB10/SCL Pin=U1-23
Removed Pin From Net: NetName=PB11/SDA Pin=U1-24
Removed Pin From Net: NetName=3.3V Pin=U2-1
Removed Pin From Net: NetName=XTALA Pin=U2-5
Removed Pin From Net: NetName=XTALB Pin=U2-6
Removed Pin From Net: NetName=GND Pin=U2-8
Removed Pin From Net: NetName=3.3V Pin=U2-9
Removed Pin From Net: NetName=PA0/ADC1 Pin=U2-10
Removed Pin From Net: NetName=PA1/ADC2 Pin=U2-11
Removed Pin From Net: NetName=PA2/ADC3 Pin=U2-12
Removed Pin From Net: NetName=PA3/ADC4 Pin=U2-13
Removed Pin From Net: NetName=PA4/A Pin=U2-14
Removed Pin From Net: NetName=PA5/B Pin=U2-15
Removed Pin From Net: NetName=PA6/C Pin=U2-16
Removed Pin From Net: NetName=PA7/D Pin=U2-17
Removed Pin From Net: NetName=PB0/ADC8 Pin=U2-18
Removed Pin From Net: NetName=BOOT1 Pin=U2-20
Removed Pin From Net: NetName=PB10/SCL Pin=U2-21
Removed Pin From Net: NetName=PB11/SDA Pin=U2-22
Removed Pin From Net: NetName=GND Pin=U2-23
Removed Pin From Net: NetName=3.3V Pin=U2-24
Removed Pin From Net: NetName=UART1-TX Pin=U2-30
Removed Pin From Net: NetName=UART1-RX Pin=U2-31
Removed Pin From Net: NetName=PA11/CAN_RX Pin=U2-32
Removed Pin From Net: NetName=PA12/CAN_TX Pin=U2-33
Removed Pin From Net: NetName=SWDIO Pin=U2-34
Removed Pin From Net: NetName=GND Pin=U2-35
Removed Pin From Net: NetName=3.3V Pin=U2-36
Removed Pin From Net: NetName=SWCLK Pin=U2-37
Removed Pin From Net: NetName=BOOT0 Pin=U2-44
Removed Pin From Net: NetName=GND Pin=U2-47
Removed Pin From Net: NetName=3.3V Pin=U2-48
Change Component Footprint: Designator=U2 Old Footprint=LQFP48 7X7_L New Footprint=QFN24 4x4_L
Change Component Footprint: Designator=U1 Old Footprint=QFN24 4x4_L New Footprint=LQFP48 7X7_L
Change Component Comment : Designator=U1 Old Comment=MPU6050 New Comment=STM32F103C8
Change Component Comment : Designator=U2 Old Comment=STM32F103C8 New Comment=MPU6050
Change component parameters: Designator = "U1"; Footprint = "LQFP48 7X7_L"; UniqueID = "\PNXONMKP"
Change component parameters. Clean all parameters for all variants
Change component parameters (AddParameter): Name = "BOM名称"; Value = "32位STM单片机"; VariantName = "[No Variations]"
Change component parameters (AddParameter): Name = "学习资源"; Value = "www.ooocke.com"; VariantName = "[No Variations]"
Change component parameters (AddParameter): Name = "版权归属"; Value = "源创客"; VariantName = "[No Variations]"
Change component parameters: Designator = "U2"; Footprint = "QFN24 4x4_L"; UniqueID = "\HOQTBFLG"
Change component parameters. Clean all parameters for all variants
Change component parameters (AddParameter): Name = "BOM名称"; Value = "数字运动传感器"; VariantName = "[No Variations]"
Change component parameters (AddParameter): Name = "学习资源"; Value = "www.ooocke.com"; VariantName = "[No Variations]"
Change component parameters (AddParameter): Name = "版权归属"; Value = "源创客"; VariantName = "[No Variations]"
Added Pin To Net: NetName=3.3V Pin=U1-1
Added Pin To Net: NetName=XTALA Pin=U1-5
Added Pin To Net: NetName=XTALB Pin=U1-6
Added Pin To Net: NetName=GND Pin=U1-8
Added Pin To Net: NetName=3.3V Pin=U1-9
Added Pin To Net: NetName=PA0/ADC1 Pin=U1-10
Added Pin To Net: NetName=PA1/ADC2 Pin=U1-11
Added Pin To Net: NetName=PA2/ADC3 Pin=U1-12
Added Pin To Net: NetName=PA3/ADC4 Pin=U1-13
Added Pin To Net: NetName=PA4/A Pin=U1-14
Added Pin To Net: NetName=PA5/B Pin=U1-15
Added Pin To Net: NetName=PA6/C Pin=U1-16
Added Pin To Net: NetName=PA7/D Pin=U1-17
Added Pin To Net: NetName=PB0/ADC8 Pin=U1-18
Added Pin To Net: NetName=BOOT1 Pin=U1-20
Added Pin To Net: NetName=PB10/SCL Pin=U1-21
Added Pin To Net: NetName=PB11/SDA Pin=U1-22
Added Pin To Net: NetName=GND Pin=U1-23
Added Pin To Net: NetName=3.3V Pin=U1-24
Added Pin To Net: NetName=UART1-TX Pin=U1-30
Added Pin To Net: NetName=UART1-RX Pin=U1-31
Added Pin To Net: NetName=PA11/CAN_RX Pin=U1-32
Added Pin To Net: NetName=PA12/CAN_TX Pin=U1-33
Added Pin To Net: NetName=SWDIO Pin=U1-34
Added Pin To Net: NetName=GND Pin=U1-35
Added Pin To Net: NetName=3.3V Pin=U1-36
Added Pin To Net: NetName=SWCLK Pin=U1-37
Added Pin To Net: NetName=BOOT0 Pin=U1-44
Added Pin To Net: NetName=GND Pin=U1-47
Added Pin To Net: NetName=3.3V Pin=U1-48
Added Pin To Net: NetName=GND-IMU Pin=U2-1
Added Pin To Net: NetName=3.3V Pin=U2-8
Added Pin To Net: NetName=GND-IMU Pin=U2-9
Added Pin To Net: NetName=NetC14_2 Pin=U2-10
Added Pin To Net: NetName=GND-IMU Pin=U2-11
Added Pin To Net: NetName=3.3V Pin=U2-13
Added Pin To Net: NetName=GND-IMU Pin=U2-18
Added Pin To Net: NetName=NetC3_2 Pin=U2-20
Added Pin To Net: NetName=PB10/SCL Pin=U2-23
Added Pin To Net: NetName=PB11/SDA Pin=U2-24
Added Member To Class: ClassName=足底压力 Member=Component M1 ESP8266-12S
Added Room: Name=足底压力
